#
# There is insufficient memory for the Java Runtime Environment to continue.
# Native memory allocation (malloc) failed to allocate 788096 bytes for Chunk::new
# Possible reasons:
#   The system is out of physical RAM or swap space
#   The process is running with CompressedOops enabled, and the Java Heap may be blocking the growth of the native heap
# Possible solutions:
#   Reduce memory load on the system
#   Increase physical memory or swap space
#   Check if swap backing store is full
#   Decrease Java heap size (-Xmx/-Xms)
#   Decrease number of Java threads
#   Decrease Java thread stack sizes (-Xss)
#   Set larger code cache with -XX:ReservedCodeCacheSize=
#   JVM is running with Unscaled Compressed Oops mode in which the Java heap is
#     placed in the first 4GB address space. The Java Heap base address is the
#     maximum limit for the native heap growth. Please use -XX:HeapBaseMinAddress
#     to set the Java Heap base and to place the Java Heap above 4GB virtual address.
# This output file may be truncated or incomplete.
#
#  Out of Memory Error (arena.cpp:189), pid=5180, tid=24244
#
# JRE version: OpenJDK Runtime Environment JBR-17.0.7+10-829.16-jcef (17.0.7+10) (build 17.0.7+10-b829.16)
# Java VM: OpenJDK 64-Bit Server VM JBR-17.0.7+10-829.16-jcef (17.0.7+10-b829.16, mixed mode, tiered, compressed oops, compressed class ptrs, g1 gc, windows-amd64)
# No core dump will be written. Minidumps are not enabled by default on client versions of Windows
#

---------------  S U M M A R Y ------------

Command Line: -Dorg.gradle.internal.worker.tmpdir=C:\Users\KLINY-ПК\Desktop\.data\Работа\Тестовые задания\Спутник\currency-exchange-api\build\tmp\test\work -Dorg.gradle.native=false -Xmx512m -Dfile.encoding=windows-1251 -Duser.country=RU -Duser.language=ru -Duser.variant -ea worker.org.gradle.process.internal.worker.GradleWorkerMain 'Gradle Test Executor 2'

Host: AMD Ryzen 5 4600H with Radeon Graphics         , 12 cores, 7G,  Windows 10 , 64 bit Build 19041 (10.0.19041.3636)
Time: Sun Dec 24 15:39:09 2023 RTZ 2 (s 10 , 64 bit Build 19041 (10.0.19041.3636) elapsed time: 3.124193 seconds (0d 0h 0m 3s)

---------------  T H R E A D  ---------------

Current thread (0x0000025ad240e710):  JavaThread "C2 CompilerThread0" daemon [_thread_in_native, id=24244, stack(0x000000e18b900000,0x000000e18ba00000)]


Current CompileTask:
C2:   3124 1816       4       jdk.internal.org.objectweb.asm.Frame::execute (2305 bytes)

Stack: [0x000000e18b900000,0x000000e18ba00000]
Native frames: (J=compiled Java code, j=interpreted, Vv=VM code, C=native code)
V  [jvm.dll+0x683cca]
V  [jvm.dll+0x8424b4]
V  [jvm.dll+0x843cae]
V  [jvm.dll+0x844313]
V  [jvm.dll+0x24ad2f]
V  [jvm.dll+0xac25c]
V  [jvm.dll+0xac82c]
V  [jvm.dll+0x2b218f]
V  [jvm.dll+0x58c427]
V  [jvm.dll+0x225a12]
V  [jvm.dll+0x225def]
V  [jvm.dll+0x21f0b5]
V  [jvm.dll+0x21c56b]
V  [jvm.dll+0x1a605d]
V  [jvm.dll+0x22c148]
V  [jvm.dll+0x22a209]
V  [jvm.dll+0x7f863c]
V  [jvm.dll+0x7f2b9a]
V  [jvm.dll+0x682b05]
C  [ucrtbase.dll+0x21bb2]
C  [KERNEL32.DLL+0x17344]
C  [ntdll.dll+0x526b1]


---------------  P R O C E S S  ---------------

Threads class SMR info:
_java_thread_list=0x0000025ad70e2180, length=15, elements={
0x0000025abb68e470, 0x0000025ad22b4260, 0x0000025ad22b60e0, 0x0000025ad22d2f30,
0x0000025ad240c620, 0x0000025ad240cfd0, 0x0000025ad240d980, 0x0000025ad240e710,
0x0000025ad2405960, 0x0000025ad241b430, 0x0000025ad26b0920, 0x0000025ad26c3960,
0x0000025ad29ae230, 0x0000025ad7306350, 0x0000025ad7306820
}

Java Threads: ( => current thread )
  0x0000025abb68e470 JavaThread "Test worker" [_thread_in_vm, id=23912, stack(0x000000e18ac00000,0x000000e18ad00000)]
  0x0000025ad22b4260 JavaThread "Reference Handler" daemon [_thread_blocked, id=21508, stack(0x000000e18b300000,0x000000e18b400000)]
  0x0000025ad22b60e0 JavaThread "Finalizer" daemon [_thread_blocked, id=18392, stack(0x000000e18b400000,0x000000e18b500000)]
  0x0000025ad22d2f30 JavaThread "Signal Dispatcher" daemon [_thread_blocked, id=5420, stack(0x000000e18b500000,0x000000e18b600000)]
  0x0000025ad240c620 JavaThread "Attach Listener" daemon [_thread_blocked, id=17520, stack(0x000000e18b600000,0x000000e18b700000)]
  0x0000025ad240cfd0 JavaThread "Service Thread" daemon [_thread_blocked, id=11096, stack(0x000000e18b700000,0x000000e18b800000)]
  0x0000025ad240d980 JavaThread "Monitor Deflation Thread" daemon [_thread_blocked, id=24248, stack(0x000000e18b800000,0x000000e18b900000)]
=>0x0000025ad240e710 JavaThread "C2 CompilerThread0" daemon [_thread_in_native, id=24244, stack(0x000000e18b900000,0x000000e18ba00000)]
  0x0000025ad2405960 JavaThread "C1 CompilerThread0" daemon [_thread_blocked, id=23200, stack(0x000000e18ba00000,0x000000e18bb00000)]
  0x0000025ad241b430 JavaThread "Sweeper thread" daemon [_thread_blocked, id=17492, stack(0x000000e18bb00000,0x000000e18bc00000)]
  0x0000025ad26b0920 JavaThread "Notification Thread" daemon [_thread_blocked, id=20908, stack(0x000000e18bc00000,0x000000e18bd00000)]
  0x0000025ad26c3960 JavaThread "Common-Cleaner" daemon [_thread_blocked, id=19212, stack(0x000000e18be00000,0x000000e18bf00000)]
  0x0000025ad29ae230 JavaThread "/127.0.0.1:60526 to /127.0.0.1:60525 workers" [_thread_blocked, id=19736, stack(0x000000e18c000000,0x000000e18c100000)]
  0x0000025ad7306350 JavaThread "/127.0.0.1:60526 to /127.0.0.1:60525 workers Thread 2" [_thread_blocked, id=17796, stack(0x000000e18c700000,0x000000e18c800000)]
  0x0000025ad7306820 JavaThread "/127.0.0.1:60526 to /127.0.0.1:60525 workers Thread 3" [_thread_in_native, id=14468, stack(0x000000e18c800000,0x000000e18c900000)]

Other Threads:
  0x0000025ad22917d0 VMThread "VM Thread" [stack: 0x000000e18b200000,0x000000e18b300000] [id=21512]
  0x0000025ad26b1600 WatcherThread [stack: 0x000000e18bd00000,0x000000e18be00000] [id=19080]
  0x0000025abb6c6b20 GCTaskThread "GC Thread#0" [stack: 0x000000e18ad00000,0x000000e18ae00000] [id=22752]
  0x0000025ad2714c60 GCTaskThread "GC Thread#1" [stack: 0x000000e18c100000,0x000000e18c200000] [id=15060]
  0x0000025ad2faa4a0 GCTaskThread "GC Thread#2" [stack: 0x000000e18c200000,0x000000e18c300000] [id=20940]
  0x0000025ad7159010 GCTaskThread "GC Thread#3" [stack: 0x000000e18c300000,0x000000e18c400000] [id=11504]
  0x0000025ad2f93050 GCTaskThread "GC Thread#4" [stack: 0x000000e18c400000,0x000000e18c500000] [id=14604]
  0x0000025ad2f93300 GCTaskThread "GC Thread#5" [stack: 0x000000e18c500000,0x000000e18c600000] [id=24200]
  0x0000025ad7304440 GCTaskThread "GC Thread#6" [stack: 0x000000e18c600000,0x000000e18c700000] [id=23044]
  0x0000025ad7351370 GCTaskThread "GC Thread#7" [stack: 0x000000e18c900000,0x000000e18ca00000] [id=22424]
  0x0000025ad765aa60 GCTaskThread "GC Thread#8" [stack: 0x000000e18ca00000,0x000000e18cb00000] [id=22452]
  0x0000025ad73eaae0 GCTaskThread "GC Thread#9" [stack: 0x000000e18cb00000,0x000000e18cc00000] [id=13120]
  0x0000025abb6ca1e0 ConcurrentGCThread "G1 Main Marker" [stack: 0x000000e18ae00000,0x000000e18af00000] [id=22976]
  0x0000025abb6cabf0 ConcurrentGCThread "G1 Conc#0" [stack: 0x000000e18af00000,0x000000e18b000000] [id=18976]
  0x0000025abb738ab0 ConcurrentGCThread "G1 Refine#0" [stack: 0x000000e18b000000,0x000000e18b100000] [id=19004]
  0x0000025ad20f05e0 ConcurrentGCThread "G1 Service" [stack: 0x000000e18b100000,0x000000e18b200000] [id=5096]

Threads with active compile tasks:
C2 CompilerThread0     3231 1816       4       jdk.internal.org.objectweb.asm.Frame::execute (2305 bytes)

VM state: not at safepoint (normal execution)

VM Mutex/Monitor currently owned by a thread: None

Heap address: 0x00000000e0000000, size: 512 MB, Compressed Oops mode: 32-bit

CDS archive(s) not mapped
Compressed class space mapped at: 0x0000000100000000-0x0000000140000000, reserved size: 1073741824
Narrow klass base: 0x0000000000000000, Narrow klass shift: 3, Narrow klass range: 0x140000000

GC Precious Log:
 CPUs: 12 total, 12 available
 Memory: 7541M
 Large Page Support: Disabled
 NUMA Support: Disabled
 Compressed Oops: Enabled (32-bit)
 Heap Region Size: 1M
 Heap Min Capacity: 8M
 Heap Initial Capacity: 118M
 Heap Max Capacity: 512M
 Pre-touch: Disabled
 Parallel Workers: 10
 Concurrent Workers: 3
 Concurrent Refinement Workers: 10
 Periodic GC: Disabled

Heap:
 garbage-first heap   total 120832K, used 30991K [0x00000000e0000000, 0x0000000100000000)
  region size 1024K, 19 young (19456K), 2 survivors (2048K)
 Metaspace       used 21077K, committed 21312K, reserved 1114112K
  class space    used 2443K, committed 2560K, reserved 1048576K

Heap Regions: E=young(eden), S=young(survivor), O=old, HS=humongous(starts), HC=humongous(continues), CS=collection set, F=free, OA=open archive, CA=closed archive, TAMS=top-at-mark-start (previous, next)
|   0|0x00000000e0000000, 0x00000000e0100000, 0x00000000e0100000|100%|HS|  |TAMS 0x00000000e0000000, 0x00000000e0000000| Complete 
|   1|0x00000000e0100000, 0x00000000e0200000, 0x00000000e0200000|100%|HS|  |TAMS 0x00000000e0100000, 0x00000000e0100000| Complete 
|   2|0x00000000e0200000, 0x00000000e0300000, 0x00000000e0300000|100%|HC|  |TAMS 0x00000000e0200000, 0x00000000e0200000| Complete 
|   3|0x00000000e0300000, 0x00000000e0400000, 0x00000000e0400000|100%| O|  |TAMS 0x00000000e0300000, 0x00000000e0300000| Untracked 
|   4|0x00000000e0400000, 0x00000000e0500000, 0x00000000e0500000|100%| O|  |TAMS 0x00000000e0400000, 0x00000000e0400000| Untracked 
|   5|0x00000000e0500000, 0x00000000e0600000, 0x00000000e0600000|100%| O|  |TAMS 0x00000000e0500000, 0x00000000e0500000| Untracked 
|   6|0x00000000e0600000, 0x00000000e0700000, 0x00000000e0700000|100%| O|  |TAMS 0x00000000e0600000, 0x00000000e0600000| Untracked 
|   7|0x00000000e0700000, 0x00000000e0800000, 0x00000000e0800000|100%| O|  |TAMS 0x00000000e0700000, 0x00000000e0700000| Untracked 
|   8|0x00000000e0800000, 0x00000000e0900000, 0x00000000e0900000|100%| O|  |TAMS 0x00000000e0800000, 0x00000000e0800000| Untracked 
|   9|0x00000000e0900000, 0x00000000e0a00000, 0x00000000e0a00000|100%| O|  |TAMS 0x00000000e0900000, 0x00000000e0900000| Untracked 
|  10|0x00000000e0a00000, 0x00000000e0b00000, 0x00000000e0b00000|100%| O|  |TAMS 0x00000000e0a00000, 0x00000000e0a00000| Untracked 
|  11|0x00000000e0b00000, 0x00000000e0c00000, 0x00000000e0c00000|100%| O|  |TAMS 0x00000000e0b00000, 0x00000000e0b00000| Untracked 
|  12|0x00000000e0c00000, 0x00000000e0ce4800, 0x00000000e0d00000| 89%| O|  |TAMS 0x00000000e0c00000, 0x00000000e0c00000| Untracked 
|  13|0x00000000e0d00000, 0x00000000e0d00000, 0x00000000e0e00000|  0%| F|  |TAMS 0x00000000e0d00000, 0x00000000e0d00000| Untracked 
|  14|0x00000000e0e00000, 0x00000000e0e00000, 0x00000000e0f00000|  0%| F|  |TAMS 0x00000000e0e00000, 0x00000000e0e00000| Untracked 
|  15|0x00000000e0f00000, 0x00000000e0f00000, 0x00000000e1000000|  0%| F|  |TAMS 0x00000000e0f00000, 0x00000000e0f00000| Untracked 
|  16|0x00000000e1000000, 0x00000000e1000000, 0x00000000e1100000|  0%| F|  |TAMS 0x00000000e1000000, 0x00000000e1000000| Untracked 
|  17|0x00000000e1100000, 0x00000000e1100000, 0x00000000e1200000|  0%| F|  |TAMS 0x00000000e1100000, 0x00000000e1100000| Untracked 
|  18|0x00000000e1200000, 0x00000000e1200000, 0x00000000e1300000|  0%| F|  |TAMS 0x00000000e1200000, 0x00000000e1200000| Untracked 
|  19|0x00000000e1300000, 0x00000000e1300000, 0x00000000e1400000|  0%| F|  |TAMS 0x00000000e1300000, 0x00000000e1300000| Untracked 
|  20|0x00000000e1400000, 0x00000000e1400000, 0x00000000e1500000|  0%| F|  |TAMS 0x00000000e1400000, 0x00000000e1400000| Untracked 
|  21|0x00000000e1500000, 0x00000000e1500000, 0x00000000e1600000|  0%| F|  |TAMS 0x00000000e1500000, 0x00000000e1500000| Untracked 
|  22|0x00000000e1600000, 0x00000000e1600000, 0x00000000e1700000|  0%| F|  |TAMS 0x00000000e1600000, 0x00000000e1600000| Untracked 
|  23|0x00000000e1700000, 0x00000000e1700000, 0x00000000e1800000|  0%| F|  |TAMS 0x00000000e1700000, 0x00000000e1700000| Untracked 
|  24|0x00000000e1800000, 0x00000000e1800000, 0x00000000e1900000|  0%| F|  |TAMS 0x00000000e1800000, 0x00000000e1800000| Untracked 
|  25|0x00000000e1900000, 0x00000000e1900000, 0x00000000e1a00000|  0%| F|  |TAMS 0x00000000e1900000, 0x00000000e1900000| Untracked 
|  26|0x00000000e1a00000, 0x00000000e1a00000, 0x00000000e1b00000|  0%| F|  |TAMS 0x00000000e1a00000, 0x00000000e1a00000| Untracked 
|  27|0x00000000e1b00000, 0x00000000e1b00000, 0x00000000e1c00000|  0%| F|  |TAMS 0x00000000e1b00000, 0x00000000e1b00000| Untracked 
|  28|0x00000000e1c00000, 0x00000000e1c00000, 0x00000000e1d00000|  0%| F|  |TAMS 0x00000000e1c00000, 0x00000000e1c00000| Untracked 
|  29|0x00000000e1d00000, 0x00000000e1d00000, 0x00000000e1e00000|  0%| F|  |TAMS 0x00000000e1d00000, 0x00000000e1d00000| Untracked 
|  30|0x00000000e1e00000, 0x00000000e1e00000, 0x00000000e1f00000|  0%| F|  |TAMS 0x00000000e1e00000, 0x00000000e1e00000| Untracked 
|  31|0x00000000e1f00000, 0x00000000e1f00000, 0x00000000e2000000|  0%| F|  |TAMS 0x00000000e1f00000, 0x00000000e1f00000| Untracked 
|  32|0x00000000e2000000, 0x00000000e2000000, 0x00000000e2100000|  0%| F|  |TAMS 0x00000000e2000000, 0x00000000e2000000| Untracked 
|  33|0x00000000e2100000, 0x00000000e2100000, 0x00000000e2200000|  0%| F|  |TAMS 0x00000000e2100000, 0x00000000e2100000| Untracked 
|  34|0x00000000e2200000, 0x00000000e2200000, 0x00000000e2300000|  0%| F|  |TAMS 0x00000000e2200000, 0x00000000e2200000| Untracked 
|  35|0x00000000e2300000, 0x00000000e2300000, 0x00000000e2400000|  0%| F|  |TAMS 0x00000000e2300000, 0x00000000e2300000| Untracked 
|  36|0x00000000e2400000, 0x00000000e2400000, 0x00000000e2500000|  0%| F|  |TAMS 0x00000000e2400000, 0x00000000e2400000| Untracked 
|  37|0x00000000e2500000, 0x00000000e2500000, 0x00000000e2600000|  0%| F|  |TAMS 0x00000000e2500000, 0x00000000e2500000| Untracked 
|  38|0x00000000e2600000, 0x00000000e2600000, 0x00000000e2700000|  0%| F|  |TAMS 0x00000000e2600000, 0x00000000e2600000| Untracked 
|  39|0x00000000e2700000, 0x00000000e2700000, 0x00000000e2800000|  0%| F|  |TAMS 0x00000000e2700000, 0x00000000e2700000| Untracked 
|  40|0x00000000e2800000, 0x00000000e2800000, 0x00000000e2900000|  0%| F|  |TAMS 0x00000000e2800000, 0x00000000e2800000| Untracked 
|  41|0x00000000e2900000, 0x00000000e2900000, 0x00000000e2a00000|  0%| F|  |TAMS 0x00000000e2900000, 0x00000000e2900000| Untracked 
|  42|0x00000000e2a00000, 0x00000000e2a00000, 0x00000000e2b00000|  0%| F|  |TAMS 0x00000000e2a00000, 0x00000000e2a00000| Untracked 
|  43|0x00000000e2b00000, 0x00000000e2b00000, 0x00000000e2c00000|  0%| F|  |TAMS 0x00000000e2b00000, 0x00000000e2b00000| Untracked 
|  44|0x00000000e2c00000, 0x00000000e2c00000, 0x00000000e2d00000|  0%| F|  |TAMS 0x00000000e2c00000, 0x00000000e2c00000| Untracked 
|  45|0x00000000e2d00000, 0x00000000e2d00000, 0x00000000e2e00000|  0%| F|  |TAMS 0x00000000e2d00000, 0x00000000e2d00000| Untracked 
|  46|0x00000000e2e00000, 0x00000000e2e00000, 0x00000000e2f00000|  0%| F|  |TAMS 0x00000000e2e00000, 0x00000000e2e00000| Untracked 
|  47|0x00000000e2f00000, 0x00000000e2f00000, 0x00000000e3000000|  0%| F|  |TAMS 0x00000000e2f00000, 0x00000000e2f00000| Untracked 
|  48|0x00000000e3000000, 0x00000000e3000000, 0x00000000e3100000|  0%| F|  |TAMS 0x00000000e3000000, 0x00000000e3000000| Untracked 
|  49|0x00000000e3100000, 0x00000000e3100000, 0x00000000e3200000|  0%| F|  |TAMS 0x00000000e3100000, 0x00000000e3100000| Untracked 
|  50|0x00000000e3200000, 0x00000000e3200000, 0x00000000e3300000|  0%| F|  |TAMS 0x00000000e3200000, 0x00000000e3200000| Untracked 
|  51|0x00000000e3300000, 0x00000000e3300000, 0x00000000e3400000|  0%| F|  |TAMS 0x00000000e3300000, 0x00000000e3300000| Untracked 
|  52|0x00000000e3400000, 0x00000000e3400000, 0x00000000e3500000|  0%| F|  |TAMS 0x00000000e3400000, 0x00000000e3400000| Untracked 
|  53|0x00000000e3500000, 0x00000000e3500000, 0x00000000e3600000|  0%| F|  |TAMS 0x00000000e3500000, 0x00000000e3500000| Untracked 
|  54|0x00000000e3600000, 0x00000000e3600000, 0x00000000e3700000|  0%| F|  |TAMS 0x00000000e3600000, 0x00000000e3600000| Untracked 
|  55|0x00000000e3700000, 0x00000000e3700000, 0x00000000e3800000|  0%| F|  |TAMS 0x00000000e3700000, 0x00000000e3700000| Untracked 
|  56|0x00000000e3800000, 0x00000000e3800000, 0x00000000e3900000|  0%| F|  |TAMS 0x00000000e3800000, 0x00000000e3800000| Untracked 
|  57|0x00000000e3900000, 0x00000000e3900000, 0x00000000e3a00000|  0%| F|  |TAMS 0x00000000e3900000, 0x00000000e3900000| Untracked 
|  58|0x00000000e3a00000, 0x00000000e3a00000, 0x00000000e3b00000|  0%| F|  |TAMS 0x00000000e3a00000, 0x00000000e3a00000| Untracked 
|  59|0x00000000e3b00000, 0x00000000e3b00000, 0x00000000e3c00000|  0%| F|  |TAMS 0x00000000e3b00000, 0x00000000e3b00000| Untracked 
|  60|0x00000000e3c00000, 0x00000000e3c00000, 0x00000000e3d00000|  0%| F|  |TAMS 0x00000000e3c00000, 0x00000000e3c00000| Untracked 
|  61|0x00000000e3d00000, 0x00000000e3d00000, 0x00000000e3e00000|  0%| F|  |TAMS 0x00000000e3d00000, 0x00000000e3d00000| Untracked 
|  62|0x00000000e3e00000, 0x00000000e3e00000, 0x00000000e3f00000|  0%| F|  |TAMS 0x00000000e3e00000, 0x00000000e3e00000| Untracked 
|  63|0x00000000e3f00000, 0x00000000e3f00000, 0x00000000e4000000|  0%| F|  |TAMS 0x00000000e3f00000, 0x00000000e3f00000| Untracked 
|  64|0x00000000e4000000, 0x00000000e4000000, 0x00000000e4100000|  0%| F|  |TAMS 0x00000000e4000000, 0x00000000e4000000| Untracked 
|  65|0x00000000e4100000, 0x00000000e4100000, 0x00000000e4200000|  0%| F|  |TAMS 0x00000000e4100000, 0x00000000e4100000| Untracked 
|  66|0x00000000e4200000, 0x00000000e4200000, 0x00000000e4300000|  0%| F|  |TAMS 0x00000000e4200000, 0x00000000e4200000| Untracked 
|  67|0x00000000e4300000, 0x00000000e4300000, 0x00000000e4400000|  0%| F|  |TAMS 0x00000000e4300000, 0x00000000e4300000| Untracked 
|  68|0x00000000e4400000, 0x00000000e4400000, 0x00000000e4500000|  0%| F|  |TAMS 0x00000000e4400000, 0x00000000e4400000| Untracked 
|  69|0x00000000e4500000, 0x00000000e4500000, 0x00000000e4600000|  0%| F|  |TAMS 0x00000000e4500000, 0x00000000e4500000| Untracked 
|  70|0x00000000e4600000, 0x00000000e4600000, 0x00000000e4700000|  0%| F|  |TAMS 0x00000000e4600000, 0x00000000e4600000| Untracked 
|  71|0x00000000e4700000, 0x00000000e4700000, 0x00000000e4800000|  0%| F|  |TAMS 0x00000000e4700000, 0x00000000e4700000| Untracked 
|  72|0x00000000e4800000, 0x00000000e4800000, 0x00000000e4900000|  0%| F|  |TAMS 0x00000000e4800000, 0x00000000e4800000| Untracked 
|  73|0x00000000e4900000, 0x00000000e4900000, 0x00000000e4a00000|  0%| F|  |TAMS 0x00000000e4900000, 0x00000000e4900000| Untracked 
|  74|0x00000000e4a00000, 0x00000000e4a00000, 0x00000000e4b00000|  0%| F|  |TAMS 0x00000000e4a00000, 0x00000000e4a00000| Untracked 
|  75|0x00000000e4b00000, 0x00000000e4b00000, 0x00000000e4c00000|  0%| F|  |TAMS 0x00000000e4b00000, 0x00000000e4b00000| Untracked 
|  76|0x00000000e4c00000, 0x00000000e4c00000, 0x00000000e4d00000|  0%| F|  |TAMS 0x00000000e4c00000, 0x00000000e4c00000| Untracked 
|  77|0x00000000e4d00000, 0x00000000e4d00000, 0x00000000e4e00000|  0%| F|  |TAMS 0x00000000e4d00000, 0x00000000e4d00000| Untracked 
|  78|0x00000000e4e00000, 0x00000000e4e00000, 0x00000000e4f00000|  0%| F|  |TAMS 0x00000000e4e00000, 0x00000000e4e00000| Untracked 
|  79|0x00000000e4f00000, 0x00000000e4f00000, 0x00000000e5000000|  0%| F|  |TAMS 0x00000000e4f00000, 0x00000000e4f00000| Untracked 
|  80|0x00000000e5000000, 0x00000000e5000000, 0x00000000e5100000|  0%| F|  |TAMS 0x00000000e5000000, 0x00000000e5000000| Untracked 
|  81|0x00000000e5100000, 0x00000000e5100000, 0x00000000e5200000|  0%| F|  |TAMS 0x00000000e5100000, 0x00000000e5100000| Untracked 
|  82|0x00000000e5200000, 0x00000000e5200000, 0x00000000e5300000|  0%| F|  |TAMS 0x00000000e5200000, 0x00000000e5200000| Untracked 
|  83|0x00000000e5300000, 0x00000000e5300000, 0x00000000e5400000|  0%| F|  |TAMS 0x00000000e5300000, 0x00000000e5300000| Untracked 
|  84|0x00000000e5400000, 0x00000000e5400000, 0x00000000e5500000|  0%| F|  |TAMS 0x00000000e5400000, 0x00000000e5400000| Untracked 
|  85|0x00000000e5500000, 0x00000000e5500000, 0x00000000e5600000|  0%| F|  |TAMS 0x00000000e5500000, 0x00000000e5500000| Untracked 
|  86|0x00000000e5600000, 0x00000000e5600000, 0x00000000e5700000|  0%| F|  |TAMS 0x00000000e5600000, 0x00000000e5600000| Untracked 
|  87|0x00000000e5700000, 0x00000000e5700000, 0x00000000e5800000|  0%| F|  |TAMS 0x00000000e5700000, 0x00000000e5700000| Untracked 
|  88|0x00000000e5800000, 0x00000000e5800000, 0x00000000e5900000|  0%| F|  |TAMS 0x00000000e5800000, 0x00000000e5800000| Untracked 
|  89|0x00000000e5900000, 0x00000000e5900000, 0x00000000e5a00000|  0%| F|  |TAMS 0x00000000e5900000, 0x00000000e5900000| Untracked 
|  90|0x00000000e5a00000, 0x00000000e5a00000, 0x00000000e5b00000|  0%| F|  |TAMS 0x00000000e5a00000, 0x00000000e5a00000| Untracked 
|  91|0x00000000e5b00000, 0x00000000e5b00000, 0x00000000e5c00000|  0%| F|  |TAMS 0x00000000e5b00000, 0x00000000e5b00000| Untracked 
|  92|0x00000000e5c00000, 0x00000000e5c00000, 0x00000000e5d00000|  0%| F|  |TAMS 0x00000000e5c00000, 0x00000000e5c00000| Untracked 
|  93|0x00000000e5d00000, 0x00000000e5d00000, 0x00000000e5e00000|  0%| F|  |TAMS 0x00000000e5d00000, 0x00000000e5d00000| Untracked 
|  94|0x00000000e5e00000, 0x00000000e5e00000, 0x00000000e5f00000|  0%| F|  |TAMS 0x00000000e5e00000, 0x00000000e5e00000| Untracked 
|  95|0x00000000e5f00000, 0x00000000e5f00000, 0x00000000e6000000|  0%| F|  |TAMS 0x00000000e5f00000, 0x00000000e5f00000| Untracked 
|  96|0x00000000e6000000, 0x00000000e6000000, 0x00000000e6100000|  0%| F|  |TAMS 0x00000000e6000000, 0x00000000e6000000| Untracked 
|  97|0x00000000e6100000, 0x00000000e615f6c0, 0x00000000e6200000| 37%| S|CS|TAMS 0x00000000e6100000, 0x00000000e6100000| Complete 
|  98|0x00000000e6200000, 0x00000000e6300000, 0x00000000e6300000|100%| S|CS|TAMS 0x00000000e6200000, 0x00000000e6200000| Complete 
|  99|0x00000000e6300000, 0x00000000e6300000, 0x00000000e6400000|  0%| F|  |TAMS 0x00000000e6300000, 0x00000000e6300000| Untracked 
| 100|0x00000000e6400000, 0x00000000e6400000, 0x00000000e6500000|  0%| F|  |TAMS 0x00000000e6400000, 0x00000000e6400000| Untracked 
| 101|0x00000000e6500000, 0x00000000e65808a0, 0x00000000e6600000| 50%| E|  |TAMS 0x00000000e6500000, 0x00000000e6500000| Complete 
| 102|0x00000000e6600000, 0x00000000e6700000, 0x00000000e6700000|100%| E|CS|TAMS 0x00000000e6600000, 0x00000000e6600000| Complete 
| 103|0x00000000e6700000, 0x00000000e6800000, 0x00000000e6800000|100%| E|CS|TAMS 0x00000000e6700000, 0x00000000e6700000| Complete 
| 104|0x00000000e6800000, 0x00000000e6900000, 0x00000000e6900000|100%| E|CS|TAMS 0x00000000e6800000, 0x00000000e6800000| Complete 
| 105|0x00000000e6900000, 0x00000000e6a00000, 0x00000000e6a00000|100%| E|CS|TAMS 0x00000000e6900000, 0x00000000e6900000| Complete 
| 106|0x00000000e6a00000, 0x00000000e6b00000, 0x00000000e6b00000|100%| E|CS|TAMS 0x00000000e6a00000, 0x00000000e6a00000| Complete 
| 107|0x00000000e6b00000, 0x00000000e6c00000, 0x00000000e6c00000|100%| E|CS|TAMS 0x00000000e6b00000, 0x00000000e6b00000| Complete 
| 108|0x00000000e6c00000, 0x00000000e6d00000, 0x00000000e6d00000|100%| E|CS|TAMS 0x00000000e6c00000, 0x00000000e6c00000| Complete 
| 109|0x00000000e6d00000, 0x00000000e6e00000, 0x00000000e6e00000|100%| E|CS|TAMS 0x00000000e6d00000, 0x00000000e6d00000| Complete 
| 110|0x00000000e6e00000, 0x00000000e6f00000, 0x00000000e6f00000|100%| E|CS|TAMS 0x00000000e6e00000, 0x00000000e6e00000| Complete 
| 111|0x00000000e6f00000, 0x00000000e7000000, 0x00000000e7000000|100%| E|CS|TAMS 0x00000000e6f00000, 0x00000000e6f00000| Complete 
| 112|0x00000000e7000000, 0x00000000e7100000, 0x00000000e7100000|100%| E|CS|TAMS 0x00000000e7000000, 0x00000000e7000000| Complete 
| 113|0x00000000e7100000, 0x00000000e7200000, 0x00000000e7200000|100%| E|CS|TAMS 0x00000000e7100000, 0x00000000e7100000| Complete 
| 114|0x00000000e7200000, 0x00000000e7300000, 0x00000000e7300000|100%| E|CS|TAMS 0x00000000e7200000, 0x00000000e7200000| Complete 
| 115|0x00000000e7300000, 0x00000000e7400000, 0x00000000e7400000|100%| E|CS|TAMS 0x00000000e7300000, 0x00000000e7300000| Complete 
| 116|0x00000000e7400000, 0x00000000e7500000, 0x00000000e7500000|100%| E|CS|TAMS 0x00000000e7400000, 0x00000000e7400000| Complete 
| 117|0x00000000e7500000, 0x00000000e7600000, 0x00000000e7600000|100%| E|CS|TAMS 0x00000000e7500000, 0x00000000e7500000| Complete 

Card table byte_map: [0x0000025ace440000,0x0000025ace540000] _byte_map_base: 0x0000025acdd40000

Marking Bits (Prev, Next): (CMBitMap*) 0x0000025abb6c7130, (CMBitMap*) 0x0000025abb6c7170
 Prev Bits: [0x0000025ace640000, 0x0000025acee40000)
 Next Bits: [0x0000025acee40000, 0x0000025acf640000)

Polling page: 0x0000025ab9660000

Metaspace:

Usage:
  Non-class:     18.25 MB used.
      Class:      2.40 MB used.
       Both:     20.65 MB used.

Virtual space:
  Non-class space:       64.00 MB reserved,      18.38 MB ( 29%) committed,  1 nodes.
      Class space:        1.00 GB reserved,       2.50 MB ( <1%) committed,  1 nodes.
             Both:        1.06 GB reserved,      20.88 MB (  2%) committed. 

Chunk freelists:
   Non-Class:  13.50 MB
       Class:  13.50 MB
        Both:  26.97 MB

MaxMetaspaceSize: unlimited
CompressedClassSpaceSize: 1.00 GB
Initial GC threshold: 21.00 MB
Current GC threshold: 21.00 MB
CDS: off
MetaspaceReclaimPolicy: balanced
 - commit_granule_bytes: 65536.
 - commit_granule_words: 8192.
 - virtual_space_node_default_size: 8388608.
 - enlarge_chunks_in_place: 1.
 - new_chunks_are_fully_committed: 0.
 - uncommit_free_chunks: 1.
 - use_allocation_guard: 0.
 - handle_deallocations: 1.


Internal statistics:

num_allocs_failed_limit: 0.
num_arena_births: 216.
num_arena_deaths: 0.
num_vsnodes_births: 2.
num_vsnodes_deaths: 0.
num_space_committed: 335.
num_space_uncommitted: 0.
num_chunks_returned_to_freelist: 0.
num_chunks_taken_from_freelist: 629.
num_chunk_merges: 0.
num_chunk_splits: 359.
num_chunks_enlarged: 232.
num_inconsistent_stats: 0.

CodeHeap 'non-profiled nmethods': size=120000Kb used=756Kb max_used=756Kb free=119243Kb
 bounds [0x0000025ac68c0000, 0x0000025ac6b30000, 0x0000025acddf0000]
CodeHeap 'profiled nmethods': size=120000Kb used=3850Kb max_used=3850Kb free=116149Kb
 bounds [0x0000025abedf0000, 0x0000025abf1c0000, 0x0000025ac6320000]
CodeHeap 'non-nmethods': size=5760Kb used=1190Kb max_used=1205Kb free=4569Kb
 bounds [0x0000025ac6320000, 0x0000025ac6590000, 0x0000025ac68c0000]
 total_blobs=2383 nmethods=1891 adapters=405
 compilation: enabled
              stopped_count=0, restarted_count=0
 full_count=0

Compilation events (20 events):
Event: 3.116 Thread 0x0000025ad2405960 nmethod 1845 0x0000025abf197310 code [0x0000025abf197560, 0x0000025abf198258]
Event: 3.116 Thread 0x0000025ad2405960 1846       3       org.springframework.util.ConcurrentReferenceHashMap::createReferenceManager (9 bytes)
Event: 3.117 Thread 0x0000025ad2405960 nmethod 1846 0x0000025abf198690 code [0x0000025abf198860, 0x0000025abf198dd8]
Event: 3.119 Thread 0x0000025ad2405960 1847       1       org.springframework.util.ConcurrentReferenceHashMap$SoftEntryReference::getHash (5 bytes)
Event: 3.119 Thread 0x0000025ad2405960 nmethod 1847 0x0000025ac697b390 code [0x0000025ac697b520, 0x0000025ac697b5f8]
Event: 3.119 Thread 0x0000025ad2405960 1848       1       org.springframework.util.ConcurrentReferenceHashMap$Entry::getKey (5 bytes)
Event: 3.119 Thread 0x0000025ad2405960 nmethod 1848 0x0000025ac697b690 code [0x0000025ac697b820, 0x0000025ac697b8f8]
Event: 3.119 Thread 0x0000025ad2405960 1849       1       org.springframework.util.ConcurrentReferenceHashMap$Entry::getValue (5 bytes)
Event: 3.119 Thread 0x0000025ad2405960 nmethod 1849 0x0000025ac697b990 code [0x0000025ac697bb20, 0x0000025ac697bbf8]
Event: 3.121 Thread 0x0000025ad2405960 1851       3       jdk.internal.org.objectweb.asm.MethodWriter::visitAnnotation (40 bytes)
Event: 3.121 Thread 0x0000025ad2405960 nmethod 1851 0x0000025abf198f90 code [0x0000025abf199140, 0x0000025abf1993f8]
Event: 3.121 Thread 0x0000025ad2405960 1852       3       jdk.internal.org.objectweb.asm.AnnotationWriter::create (34 bytes)
Event: 3.121 Thread 0x0000025ad2405960 nmethod 1852 0x0000025abf199490 code [0x0000025abf199680, 0x0000025abf199b18]
Event: 3.121 Thread 0x0000025ad2405960 1855       3       java.util.stream.ReferencePipeline$3$1::accept (23 bytes)
Event: 3.121 Thread 0x0000025ad2405960 nmethod 1855 0x0000025abf199d10 code [0x0000025abf199ec0, 0x0000025abf19a158]
Event: 3.121 Thread 0x0000025ad2405960 1854       3       java.util.stream.AbstractPipeline::sourceSpliterator (265 bytes)
Event: 3.122 Thread 0x0000025ad2405960 nmethod 1854 0x0000025abf19a290 code [0x0000025abf19a500, 0x0000025abf19b2a8]
Event: 3.122 Thread 0x0000025ad2405960 1856       1       java.util.stream.MatchOps$BooleanTerminalSink::cancellationRequested (5 bytes)
Event: 3.122 Thread 0x0000025ad2405960 nmethod 1856 0x0000025ac697bf90 code [0x0000025ac697c120, 0x0000025ac697c1f8]
Event: 3.122 Thread 0x0000025ad2405960 1853       3       jdk.internal.org.objectweb.asm.AnnotationWriter::visitEnd (44 bytes)

GC Heap History (4 events):
Event: 1.668 GC heap before
{Heap before GC invocations=0 (full 0):
 garbage-first heap   total 120832K, used 25600K [0x00000000e0000000, 0x0000000100000000)
  region size 1024K, 23 young (23552K), 0 survivors (0K)
 Metaspace       used 13082K, committed 13312K, reserved 1114112K
  class space    used 1368K, committed 1472K, reserved 1048576K
}
Event: 1.673 GC heap after
{Heap after GC invocations=1 (full 0):
 garbage-first heap   total 120832K, used 13091K [0x00000000e0000000, 0x0000000100000000)
  region size 1024K, 3 young (3072K), 3 survivors (3072K)
 Metaspace       used 13082K, committed 13312K, reserved 1114112K
  class space    used 1368K, committed 1472K, reserved 1048576K
}
Event: 2.226 GC heap before
{Heap before GC invocations=1 (full 0):
 garbage-first heap   total 120832K, used 32547K [0x00000000e0000000, 0x0000000100000000)
  region size 1024K, 22 young (22528K), 3 survivors (3072K)
 Metaspace       used 17112K, committed 17408K, reserved 1114112K
  class space    used 1948K, committed 2112K, reserved 1048576K
}
Event: 2.229 GC heap after
{Heap after GC invocations=2 (full 0):
 garbage-first heap   total 120832K, used 14607K [0x00000000e0000000, 0x0000000100000000)
  region size 1024K, 2 young (2048K), 2 survivors (2048K)
 Metaspace       used 17112K, committed 17408K, reserved 1114112K
  class space    used 1948K, committed 2112K, reserved 1048576K
}

Dll operation events (2 events):
Event: 0.023 Loaded shared library C:\Program Files\JetBrains\IntelliJ IDEA 2023.1.3\jbr\bin\java.dll
Event: 0.977 Loaded shared library C:\Program Files\JetBrains\IntelliJ IDEA 2023.1.3\jbr\bin\verify.dll

Deoptimization events (20 events):
Event: 2.968 Thread 0x0000025abb68e470 DEOPT PACKING pc=0x0000025abf134938 sp=0x000000e18acf9ae0
Event: 2.968 Thread 0x0000025abb68e470 DEOPT UNPACKING pc=0x0000025ac6377143 sp=0x000000e18acf8ff8 mode 0
Event: 3.002 Thread 0x0000025abb68e470 DEOPT PACKING pc=0x0000025abf134938 sp=0x000000e18acfb6c0
Event: 3.002 Thread 0x0000025abb68e470 DEOPT UNPACKING pc=0x0000025ac6377143 sp=0x000000e18acfabd8 mode 0
Event: 3.026 Thread 0x0000025abb68e470 Uncommon trap: trap_request=0xffffffde fr.pc=0x0000025ac68e1d08 relative=0x0000000000000188
Event: 3.026 Thread 0x0000025abb68e470 Uncommon trap: reason=class_check action=maybe_recompile pc=0x0000025ac68e1d08 method=java.lang.String.equals(Ljava/lang/Object;)Z @ 8 c2
Event: 3.026 Thread 0x0000025abb68e470 DEOPT PACKING pc=0x0000025ac68e1d08 sp=0x000000e18acfbf40
Event: 3.026 Thread 0x0000025abb68e470 DEOPT UNPACKING pc=0x0000025ac63769a3 sp=0x000000e18acfbed8 mode 2
Event: 3.030 Thread 0x0000025abb68e470 Uncommon trap: trap_request=0xffffffde fr.pc=0x0000025ac68e1d08 relative=0x0000000000000188
Event: 3.030 Thread 0x0000025abb68e470 Uncommon trap: reason=class_check action=maybe_recompile pc=0x0000025ac68e1d08 method=java.lang.String.equals(Ljava/lang/Object;)Z @ 8 c2
Event: 3.030 Thread 0x0000025abb68e470 DEOPT PACKING pc=0x0000025ac68e1d08 sp=0x000000e18acfbf40
Event: 3.030 Thread 0x0000025abb68e470 DEOPT UNPACKING pc=0x0000025ac63769a3 sp=0x000000e18acfbed8 mode 2
Event: 3.035 Thread 0x0000025abb68e470 Uncommon trap: trap_request=0xffffffde fr.pc=0x0000025ac68e1d08 relative=0x0000000000000188
Event: 3.035 Thread 0x0000025abb68e470 Uncommon trap: reason=class_check action=maybe_recompile pc=0x0000025ac68e1d08 method=java.lang.String.equals(Ljava/lang/Object;)Z @ 8 c2
Event: 3.035 Thread 0x0000025abb68e470 DEOPT PACKING pc=0x0000025ac68e1d08 sp=0x000000e18acfbe50
Event: 3.035 Thread 0x0000025abb68e470 DEOPT UNPACKING pc=0x0000025ac63769a3 sp=0x000000e18acfbde8 mode 2
Event: 3.035 Thread 0x0000025abb68e470 Uncommon trap: trap_request=0xffffffde fr.pc=0x0000025ac68e1d08 relative=0x0000000000000188
Event: 3.035 Thread 0x0000025abb68e470 Uncommon trap: reason=class_check action=maybe_recompile pc=0x0000025ac68e1d08 method=java.lang.String.equals(Ljava/lang/Object;)Z @ 8 c2
Event: 3.035 Thread 0x0000025abb68e470 DEOPT PACKING pc=0x0000025ac68e1d08 sp=0x000000e18acfbe50
Event: 3.035 Thread 0x0000025abb68e470 DEOPT UNPACKING pc=0x0000025ac63769a3 sp=0x000000e18acfbde8 mode 2

Classes unloaded (0 events):
No events

Classes redefined (0 events):
No events

Internal exceptions (20 events):
Event: 2.173 Thread 0x0000025abb68e470 Exception <a 'java/lang/IncompatibleClassChangeError'{0x00000000e65b1558}: Found class java.lang.Object, but interface was expected> (0x00000000e65b1558) 
thrown [s\src\hotspot\share\interpreter\linkResolver.cpp, line 838]
Event: 2.176 Thread 0x0000025abb68e470 Exception <a 'java/lang/NoSuchMethodError'{0x00000000e65cb688}: 'void java.lang.invoke.DirectMethodHandle$Holder.invokeStatic(java.lang.Object, java.lang.Object, java.lang.Object, java.lang.Object)'> (0x00000000e65cb688) 
thrown [s\src\hotspot\share\interpreter\linkResolver.cpp, line 771]
Event: 2.188 Thread 0x0000025abb68e470 Exception <a 'java/lang/NoSuchMethodError'{0x00000000e645f2a0}: 'int java.lang.invoke.DirectMethodHandle$Holder.invokeStatic(java.lang.Object, java.lang.Object, java.lang.Object, java.lang.Object)'> (0x00000000e645f2a0) 
thrown [s\src\hotspot\share\interpreter\linkResolver.cpp, line 771]
Event: 2.189 Thread 0x0000025abb68e470 Exception <a 'java/lang/NoSuchMethodError'{0x00000000e6462c20}: 'java.lang.Object java.lang.invoke.Invokers$Holder.invokeExact_MT(java.lang.Object, java.lang.Object, java.lang.Object, java.lang.Object, java.lang.Object, java.lang.Object)'> (0x00000000e6462c20) 
thrown [s\src\hotspot\share\interpreter\linkResolver.cpp, line 771]
Event: 2.190 Thread 0x0000025abb68e470 Exception <a 'java/lang/NoSuchMethodError'{0x00000000e6472500}: 'int java.lang.invoke.DirectMethodHandle$Holder.invokeStatic(java.lang.Object, java.lang.Object, java.lang.Object, java.lang.Object, java.lang.Object)'> (0x00000000e6472500) 
thrown [s\src\hotspot\share\interpreter\linkResolver.cpp, line 771]
Event: 2.204 Thread 0x0000025abb68e470 Exception <a 'java/lang/NoSuchMethodError'{0x00000000e64dc2b8}: 'void java.lang.invoke.DirectMethodHandle$Holder.invokeStaticInit(java.lang.Object)'> (0x00000000e64dc2b8) 
thrown [s\src\hotspot\share\interpreter\linkResolver.cpp, line 771]
Event: 2.222 Thread 0x0000025abb68e470 Exception <a 'java/lang/NoSuchMethodError'{0x00000000e63d1700}: 'void java.lang.invoke.DirectMethodHandle$Holder.invokeStaticInit(java.lang.Object, java.lang.Object, java.lang.Object, java.lang.Object)'> (0x00000000e63d1700) 
thrown [s\src\hotspot\share\interpreter\linkResolver.cpp, line 771]
Event: 2.231 Thread 0x0000025abb68e470 Exception <a 'java/lang/NoSuchMethodError'{0x00000000e750aca8}: 'java.lang.Object java.lang.invoke.DirectMethodHandle$Holder.newInvokeSpecial(java.lang.Object, java.lang.Object, int)'> (0x00000000e750aca8) 
thrown [s\src\hotspot\share\interpreter\linkResolver.cpp, line 771]
Event: 2.238 Thread 0x0000025abb68e470 Exception <a 'java/lang/NoSuchMethodError'{0x00000000e7552050}: 'int java.lang.invoke.DirectMethodHandle$Holder.invokeStaticInit(java.lang.Object, java.lang.Object)'> (0x00000000e7552050) 
thrown [s\src\hotspot\share\interpreter\linkResolver.cpp, line 771]
Event: 2.492 Thread 0x0000025abb68e470 Exception <a 'java/lang/NoSuchMethodError'{0x00000000e73c52c0}: 'void java.lang.invoke.DirectMethodHandle$Holder.invokeStatic(java.lang.Object, java.lang.Object)'> (0x00000000e73c52c0) 
thrown [s\src\hotspot\share\interpreter\linkResolver.cpp, line 771]
Event: 2.803 Thread 0x0000025abb68e470 Exception <a 'java/lang/ClassNotFoundException'{0x00000000e7051120}: javax/smartcardio/CardPermission> (0x00000000e7051120) 
thrown [s\src\hotspot\share\classfile\systemDictionary.cpp, line 256]
Event: 2.807 Thread 0x0000025abb68e470 Exception <a 'java/io/FileNotFoundException'{0x00000000e7060948}> (0x00000000e7060948) 
thrown [s\src\hotspot\share\prims\jni.cpp, line 517]
Event: 2.830 Thread 0x0000025abb68e470 Exception <a 'java/lang/NoSuchMethodError'{0x00000000e70fc908}: 'java.lang.Object java.lang.invoke.DirectMethodHandle$Holder.invokeSpecial(java.lang.Object, java.lang.Object, java.lang.Object, long, java.lang.Object)'> (0x00000000e70fc908) 
thrown [s\src\hotspot\share\interpreter\linkResolver.cpp, line 771]
Event: 2.831 Thread 0x0000025abb68e470 Exception <a 'java/lang/NoSuchMethodError'{0x00000000e6f01000}: 'java.lang.Object java.lang.invoke.Invokers$Holder.linkToTargetMethod(java.lang.Object, long, java.lang.Object, java.lang.Object)'> (0x00000000e6f01000) 
thrown [s\src\hotspot\share\interpreter\linkResolver.cpp, line 771]
Event: 2.876 Thread 0x0000025abb68e470 Implicit null exception at 0x0000025ac694775e to 0x0000025ac6948050
Event: 2.876 Thread 0x0000025abb68e470 Implicit null exception at 0x0000025ac694b20f to 0x0000025ac694b285
Event: 3.001 Thread 0x0000025abb68e470 Exception <a 'java/lang/NoSuchMethodError'{0x00000000e6a590b8}: 'int java.lang.invoke.DirectMethodHandle$Holder.invokeStaticInit(java.lang.Object, java.lang.Object, java.lang.Object)'> (0x00000000e6a590b8) 
thrown [s\src\hotspot\share\interpreter\linkResolver.cpp, line 771]
Event: 3.033 Thread 0x0000025abb68e470 Exception <a 'java/lang/NoSuchMethodError'{0x00000000e698a110}: 'int java.lang.invoke.DirectMethodHandle$Holder.invokeInterface(java.lang.Object, java.lang.Object)'> (0x00000000e698a110) 
thrown [s\src\hotspot\share\interpreter\linkResolver.cpp, line 771]
Event: 3.067 Thread 0x0000025abb68e470 Exception <a 'java/lang/NoSuchMethodError'{0x00000000e68ab5f8}: 'void java.lang.invoke.DirectMethodHandle$Holder.invokeStaticInit(java.lang.Object, java.lang.Object)'> (0x00000000e68ab5f8) 
thrown [s\src\hotspot\share\interpreter\linkResolver.cpp, line 771]
Event: 3.120 Thread 0x0000025abb68e470 Exception <a 'java/lang/NoSuchMethodError'{0x00000000e67e38c0}: 'int java.lang.invoke.DirectMethodHandle$Holder.invokeVirtual(java.lang.Object, java.lang.Object, java.lang.Object)'> (0x00000000e67e38c0) 
thrown [s\src\hotspot\share\interpreter\linkResolver.cpp, line 771]

VM Operations (20 events):
Event: 1.396 Executing VM operation: HandshakeAllThreads
Event: 1.396 Executing VM operation: HandshakeAllThreads done
Event: 1.524 Executing VM operation: HandshakeAllThreads
Event: 1.524 Executing VM operation: HandshakeAllThreads done
Event: 1.668 Executing VM operation: G1CollectForAllocation
Event: 1.673 Executing VM operation: G1CollectForAllocation done
Event: 1.700 Executing VM operation: HandshakeAllThreads
Event: 1.700 Executing VM operation: HandshakeAllThreads done
Event: 1.771 Executing VM operation: HandshakeAllThreads
Event: 1.771 Executing VM operation: HandshakeAllThreads done
Event: 1.865 Executing VM operation: HandshakeAllThreads
Event: 1.865 Executing VM operation: HandshakeAllThreads done
Event: 1.916 Executing VM operation: HandshakeAllThreads
Event: 1.916 Executing VM operation: HandshakeAllThreads done
Event: 2.226 Executing VM operation: G1CollectForAllocation
Event: 2.229 Executing VM operation: G1CollectForAllocation done
Event: 2.551 Executing VM operation: HandshakeAllThreads
Event: 2.551 Executing VM operation: HandshakeAllThreads done
Event: 2.923 Executing VM operation: HandshakeAllThreads
Event: 2.923 Executing VM operation: HandshakeAllThreads done

Events (20 events):
Event: 3.078 loading class java/time/temporal/TemporalQueries$6
Event: 3.078 loading class java/time/temporal/TemporalQueries$6 done
Event: 3.078 loading class java/time/temporal/TemporalQueries$7
Event: 3.078 loading class java/time/temporal/TemporalQueries$7 done
Event: 3.078 loading class java/time/ZonedDateTime
Event: 3.079 loading class java/time/chrono/ChronoZonedDateTime
Event: 3.080 loading class java/time/chrono/ChronoZonedDateTime done
Event: 3.080 loading class java/time/ZonedDateTime done
Event: 3.080 loading class java/time/ZonedDateTime$1
Event: 3.080 loading class java/time/ZonedDateTime$1 done
Event: 3.080 loading class java/time/LocalTime$1
Event: 3.080 loading class java/time/LocalTime$1 done
Event: 3.080 loading class java/time/format/DateTimeFormatterBuilder$2
Event: 3.080 loading class java/time/format/DateTimeFormatterBuilder$2 done
Event: 3.081 loading class java/math/BigDecimal
Event: 3.082 loading class java/math/BigDecimal done
Event: 3.086 loading class java/nio/charset/CharacterCodingException
Event: 3.086 loading class java/nio/charset/CharacterCodingException done
Event: 3.116 loading class java/lang/FunctionalInterface
Event: 3.117 loading class java/lang/FunctionalInterface done


Dynamic libraries:
0x00007ff7b81e0000 - 0x00007ff7b81ea000 	C:\Program Files\JetBrains\IntelliJ IDEA 2023.1.3\jbr\bin\java.exe
0x00007ffa1ce90000 - 0x00007ffa1d088000 	C:\windows\SYSTEM32\ntdll.dll
0x00007ffa1bb10000 - 0x00007ffa1bbcd000 	C:\windows\System32\KERNEL32.DLL
0x00007ffa1a6f0000 - 0x00007ffa1a9e6000 	C:\windows\System32\KERNELBASE.dll
0x00007ffa1a9f0000 - 0x00007ffa1aaf0000 	C:\windows\System32\ucrtbase.dll
0x00007ffa11c50000 - 0x00007ffa11c67000 	C:\Program Files\JetBrains\IntelliJ IDEA 2023.1.3\jbr\bin\jli.dll
0x00007ff9f7e80000 - 0x00007ff9f7e9b000 	C:\Program Files\JetBrains\IntelliJ IDEA 2023.1.3\jbr\bin\VCRUNTIME140.dll
0x00007ffa1c680000 - 0x00007ffa1c81e000 	C:\windows\System32\USER32.dll
0x00007ffa1a610000 - 0x00007ffa1a632000 	C:\windows\System32\win32u.dll
0x00007ffa1aef0000 - 0x00007ffa1af1c000 	C:\windows\System32\GDI32.dll
0x00007ffa02f40000 - 0x00007ffa031da000 	C:\windows\WinSxS\amd64_microsoft.windows.common-controls_6595b64144ccf1df_6.0.19041.3636_none_60b6a03d71f818d5\COMCTL32.dll
0x00007ffa1ac50000 - 0x00007ffa1ad6a000 	C:\windows\System32\gdi32full.dll
0x00007ffa1a570000 - 0x00007ffa1a60d000 	C:\windows\System32\msvcp_win.dll
0x00007ffa1cdb0000 - 0x00007ffa1ce4e000 	C:\windows\System32\msvcrt.dll
0x00007ffa1b210000 - 0x00007ffa1b240000 	C:\windows\System32\IMM32.DLL
0x00007ffa14240000 - 0x00007ffa1424c000 	C:\Program Files\JetBrains\IntelliJ IDEA 2023.1.3\jbr\bin\vcruntime140_1.dll
0x00007ff9ebe70000 - 0x00007ff9ebefd000 	C:\Program Files\JetBrains\IntelliJ IDEA 2023.1.3\jbr\bin\msvcp140.dll
0x00007ff9a66e0000 - 0x00007ff9a734e000 	C:\Program Files\JetBrains\IntelliJ IDEA 2023.1.3\jbr\bin\server\jvm.dll
0x00007ffa1af20000 - 0x00007ffa1afcf000 	C:\windows\System32\ADVAPI32.dll
0x00007ffa1c950000 - 0x00007ffa1c9ec000 	C:\windows\System32\sechost.dll
0x00007ffa1c820000 - 0x00007ffa1c946000 	C:\windows\System32\RPCRT4.dll
0x00007ffa0cf60000 - 0x00007ffa0cf87000 	C:\windows\SYSTEM32\WINMM.dll
0x00007ffa12130000 - 0x00007ffa1213a000 	C:\windows\SYSTEM32\VERSION.dll
0x00007ffa13c40000 - 0x00007ffa13c49000 	C:\windows\SYSTEM32\WSOCK32.dll
0x00007ffa1b4f0000 - 0x00007ffa1b55b000 	C:\windows\System32\WS2_32.dll
0x00007ffa183f0000 - 0x00007ffa18402000 	C:\windows\SYSTEM32\kernel.appcore.dll
0x00007ffa13780000 - 0x00007ffa1378a000 	C:\Program Files\JetBrains\IntelliJ IDEA 2023.1.3\jbr\bin\jimage.dll
0x00007ffa05710000 - 0x00007ffa058f4000 	C:\windows\SYSTEM32\DBGHELP.DLL
0x00007ff9fec70000 - 0x00007ff9feca4000 	C:\windows\SYSTEM32\dbgcore.DLL
0x00007ffa1adc0000 - 0x00007ffa1ae42000 	C:\windows\System32\bcryptPrimitives.dll
0x00007ffa0b560000 - 0x00007ffa0b585000 	C:\Program Files\JetBrains\IntelliJ IDEA 2023.1.3\jbr\bin\java.dll
0x00007ffa07430000 - 0x00007ffa07448000 	C:\Program Files\JetBrains\IntelliJ IDEA 2023.1.3\jbr\bin\zip.dll
0x00007ffa1bf30000 - 0x00007ffa1c675000 	C:\windows\System32\SHELL32.dll
0x00007ffa185f0000 - 0x00007ffa18d8b000 	C:\windows\SYSTEM32\windows.storage.dll
0x00007ffa1ca50000 - 0x00007ffa1cda4000 	C:\windows\System32\combase.dll
0x00007ffa19fb0000 - 0x00007ffa19fdd000 	C:\windows\SYSTEM32\Wldp.dll
0x00007ffa1b0b0000 - 0x00007ffa1b15d000 	C:\windows\System32\SHCORE.dll
0x00007ffa1bed0000 - 0x00007ffa1bf25000 	C:\windows\System32\shlwapi.dll
0x00007ffa1a4a0000 - 0x00007ffa1a4c5000 	C:\windows\SYSTEM32\profapi.dll
0x00007ffa060a0000 - 0x00007ffa060b9000 	C:\Program Files\JetBrains\IntelliJ IDEA 2023.1.3\jbr\bin\net.dll
0x00007ffa12fa0000 - 0x00007ffa130aa000 	C:\windows\SYSTEM32\WINHTTP.dll
0x00007ffa19cf0000 - 0x00007ffa19d5a000 	C:\windows\system32\mswsock.dll
0x00007ffa02750000 - 0x00007ffa02766000 	C:\Program Files\JetBrains\IntelliJ IDEA 2023.1.3\jbr\bin\nio.dll
0x00007ffa02730000 - 0x00007ffa02740000 	C:\Program Files\JetBrains\IntelliJ IDEA 2023.1.3\jbr\bin\verify.dll
0x00007ffa02720000 - 0x00007ffa0272e000 	C:\Program Files\JetBrains\IntelliJ IDEA 2023.1.3\jbr\bin\sunmscapi.dll
0x00007ffa1aaf0000 - 0x00007ffa1ac4d000 	C:\windows\System32\CRYPT32.dll
0x00007ffa1a020000 - 0x00007ffa1a047000 	C:\windows\SYSTEM32\ncrypt.dll
0x00007ffa19fe0000 - 0x00007ffa1a01b000 	C:\windows\SYSTEM32\NTASN1.dll
0x00007ffa022a0000 - 0x00007ffa022a7000 	C:\windows\system32\wshunix.dll
0x00007ffa19f00000 - 0x00007ffa19f18000 	C:\windows\SYSTEM32\CRYPTSP.dll
0x00007ffa19590000 - 0x00007ffa195c4000 	C:\windows\system32\rsaenh.dll
0x00007ffa1aec0000 - 0x00007ffa1aee7000 	C:\windows\System32\bcrypt.dll
0x00007ffa1a460000 - 0x00007ffa1a48e000 	C:\windows\SYSTEM32\USERENV.dll
0x00007ffa19f20000 - 0x00007ffa19f2c000 	C:\windows\SYSTEM32\CRYPTBASE.dll
0x00007ffa19980000 - 0x00007ffa199bb000 	C:\windows\SYSTEM32\IPHLPAPI.DLL
0x00007ffa1b560000 - 0x00007ffa1b568000 	C:\windows\System32\NSI.dll
0x00007ffa136e0000 - 0x00007ffa136f7000 	C:\windows\SYSTEM32\dhcpcsvc6.DLL
0x00007ffa13400000 - 0x00007ffa1341d000 	C:\windows\SYSTEM32\dhcpcsvc.DLL
0x00007ffa199c0000 - 0x00007ffa19a8a000 	C:\windows\SYSTEM32\DNSAPI.dll

dbghelp: loaded successfully - version: 4.0.5 - missing functions: none
symbol engine: initialized successfully - sym options: 0x614 - pdb path: .;C:\Program Files\JetBrains\IntelliJ IDEA 2023.1.3\jbr\bin;C:\windows\SYSTEM32;C:\windows\WinSxS\amd64_microsoft.windows.common-controls_6595b64144ccf1df_6.0.19041.3636_none_60b6a03d71f818d5;C:\Program Files\JetBrains\IntelliJ IDEA 2023.1.3\jbr\bin\server

VM Arguments:
jvm_args: -Dorg.gradle.internal.worker.tmpdir=C:\Users\KLINY-ПК\Desktop\.data\Работа\Тестовые задания\Спутник\currency-exchange-api\build\tmp\test\work -Dorg.gradle.native=false -Xmx512m -Dfile.encoding=windows-1251 -Duser.country=RU -Duser.language=ru -Duser.variant -ea 
java_command: worker.org.gradle.process.internal.worker.GradleWorkerMain 'Gradle Test Executor 2'
java_class_path (initial): C:\Users\KLINY-ПК\.gradle\caches\8.5\workerMain\gradle-worker.jar;C:\Users\KLINY-ПК\Desktop\.data\Работа\Тестовые задания\Спутник\currency-exchange-api\build\classes\java\test;C:\Users\KLINY-ПК\Desktop\.data\Работа\Тестовые задания\Спутник\currency-exchange-api\build\classes\java\main;C:\Users\KLINY-ПК\Desktop\.data\Работа\Тестовые задания\Спутник\currency-exchange-api\build\resources\main;C:\Users\KLINY-ПК\.gradle\caches\modules-2\files-2.1\org.springframework.boot\spring-boot-starter-data-jpa\3.2.1\3d48124f433375cf0113aa69603021635b55a21a\spring-boot-starter-data-jpa-3.2.1.jar;C:\Users\KLINY-ПК\.gradle\caches\modules-2\files-2.1\org.springframework.boot\spring-boot-starter-validation\3.2.1\54a35ea1de2c7de2c701e93740228240218cc9dd\spring-boot-starter-validation-3.2.1.jar;C:\Users\KLINY-ПК\.gradle\caches\modules-2\files-2.1\org.springframework.boot\spring-boot-starter-web\3.2.1\e27e36d4222fd4d589e634e1c7f5f09f0316147c\spring-boot-starter-web-3.2.1.jar;C:\Users\KLINY-ПК\.gradle\caches\modules-2\files-2.1\org.springframework.boot\spring-boot-starter-security\3.2.1\86b7029d55fe7947ea7a93b4b1b38ff80bd045f8\spring-boot-starter-security-3.2.1.jar;C:\Users\KLINY-ПК\.gradle\caches\modules-2\files-2.1\org.springframework.boot\spring-boot-starter-webflux\3.2.1\76a60825d60a58085ed2b5924af7f2c9b78a855a\spring-boot-starter-webflux-3.2.1.jar;C:\Users\KLINY-ПК\.gradle\caches\modules-2\files-2.1\org.flywaydb\flyway-core\9.22.3\76519923a547892f0108b99d1e7b06dcb4727ecd\flyway-core-9.22.3.jar;C:\Users\KLINY-ПК\.gradle\caches\modules-2\files-2.1\org.postgresql\postgresql\42.6.0\7614cfce466145b84972781ab0079b8dea49e363\postgresql-42.6.0.jar;C:\Users\KLINY-ПК\.gradle\caches\modules-2\files-2.1\org.springframework.boot\spring-boot-starter-test\3.2.1\e6a20062864e3a9a0bba0ac3b0c5a819453045b9\spring-boot-starter-test-3.2.1.jar;C:\Users\KLINY-ПК\.gradle\caches\modules-2\files-2.1\org.springframework.boot\spring-boot-testcontainers\3.2.1\e8b2cddf2b19b3d72c104914a46
Launcher Type: SUN_STANDARD

[Global flags]
     intx CICompilerCount                          = 4                                         {product} {ergonomic}
     uint ConcGCThreads                            = 3                                         {product} {ergonomic}
     uint G1ConcRefinementThreads                  = 10                                        {product} {ergonomic}
   size_t G1HeapRegionSize                         = 1048576                                   {product} {ergonomic}
    uintx GCDrainStackTargetSize                   = 64                                        {product} {ergonomic}
   size_t InitialHeapSize                          = 123731968                                 {product} {ergonomic}
   size_t MarkStackSize                            = 4194304                                   {product} {ergonomic}
   size_t MaxHeapSize                              = 536870912                                 {product} {command line}
   size_t MaxNewSize                               = 321912832                                 {product} {ergonomic}
   size_t MinHeapDeltaBytes                        = 1048576                                   {product} {ergonomic}
   size_t MinHeapSize                              = 8388608                                   {product} {ergonomic}
    uintx NonNMethodCodeHeapSize                   = 5839372                                {pd product} {ergonomic}
    uintx NonProfiledCodeHeapSize                  = 122909434                              {pd product} {ergonomic}
    uintx ProfiledCodeHeapSize                     = 122909434                              {pd product} {ergonomic}
    uintx ReservedCodeCacheSize                    = 251658240                              {pd product} {ergonomic}
     bool SegmentedCodeCache                       = true                                      {product} {ergonomic}
   size_t SoftMaxHeapSize                          = 536870912                              {manageable} {ergonomic}
     bool UseCompressedClassPointers               = true                           {product lp64_product} {ergonomic}
     bool UseCompressedOops                        = true                           {product lp64_product} {ergonomic}
     bool UseG1GC                                  = true                                      {product} {ergonomic}
     bool UseLargePagesIndividualAllocation        = false                                  {pd product} {ergonomic}

Logging:
Log output configuration:
 #0: stdout all=warning uptime,level,tags
 #1: stderr all=off uptime,level,tags

Environment Variables:
JAVA_HOME=C:\Program Files\Java\jdk-11
PATH=C:\Program Files\Common Files\Oracle\Java\javapath;C:\Program Files (x86)\Razer Chroma SDK\bin;C:\Program Files\Razer Chroma SDK\bin;C:\Program Files (x86)\Razer\ChromaBroadcast\bin;C:\Program Files\Razer\ChromaBroadcast\bin;C:\Program Files (x86)\Common Files\Oracle\Java\javapath;C:\windows\system32;C:\windows;C:\windows\System32\Wbem;C:\windows\System32\WindowsPowerShell\v1.0\;C:\windows\System32\OpenSSH\;C:\Program Files\NVIDIA Corporation\NVIDIA NvDLISR;C:\windows\system32\config\systemprofile\AppData\Local\Microsoft\WindowsApps;C:\ProgramData\chocolatey\bin;C:\Program Files (x86)\NVIDIA Corporation\PhysX\Common;C:\Program Files\Git\cmd;C:\Program Files\Microsoft SQL Server\150\Tools\Binn\;C:\Program Files\nodejs\;C:\Program Files\Docker\Docker\resources\bin;C:\Program Files (x86)\Microsoft SQL Server\160\Tools\Binn\;C:\Program Files\Microsoft SQL Server\160\Tools\Binn\;C:\Program Files\Microsoft SQL Server\Client SDK\ODBC\170\Tools\Binn\;C:\Program Files\Microsoft SQL Server\160\DTS\Binn\;C:\Users\KLINY-ПК\AppData\Local\Programs\Python\Python39;C:\Program Files\Vertopal\bin;C:\Program Files\MySQL\MySQL Shell 8.0\bin\;C:\Users\KLINY-ПК\AppData\Local\Microsoft\WindowsApps;C:\Program Files\JetBrains\PyCharm Community Edition 2021.2\bin;C:\Users\KLINY-ПК\AppData\Local\GitHubDesktop\bin;C:\Users\KLINY-ПК\AppData\Local\Programs\Microsoft VS Code\bin;C:\Program Files\JetBrains\IntelliJ IDEA Community Edition 2022.2.1\bin;C:\Program Files\JetBrains\IntelliJ IDEA 2023.1.3\bin;C:\Python310;C:\Python310\Scripts;C:\Windows\System32;C:\Program Files\JetBrains\DataSpell 2022.3.2\bin;C:\Users\KLINY-ПК\AppData\Roaming\npm;C:\Program Files\MongoDB\Server\7.0\bin\;C:\Program Files\OpenSSL\bin;C:\Program Files\JetBrains\GoLand 2023.1.3\bin;C:\Program Files\Java\jdk-18.0.2.1\bin;C:\protoc-25.1-win64\bin;C:\Users\KLINY-ПК\go;C:\Users\KLINY-ПК\AppData\Local\Programs\Python\Python39\Scripts;C:\Users\KLINY-ПК\AppData\Local\Programs\Python\Python39;
USERNAME=KLINY-ПК
OS=Windows_NT
PROCESSOR_IDENTIFIER=AMD64 Family 23 Model 96 Stepping 1, AuthenticAMD
TMP=C:\Users\KLINY-~1\AppData\Local\Temp
TEMP=C:\Users\KLINY-~1\AppData\Local\Temp


JNI global refs:
JNI global refs: 17, weak refs: 0

JNI global refs memory usage: 843, weak refs: 841


---------------  S Y S T E M  ---------------

OS:
 Windows 10 , 64 bit Build 19041 (10.0.19041.3636)
OS uptime: 0 days 5:04 hours
Hyper-V role detected

CPU: total 12 (initial active 12) (12 cores per cpu, 2 threads per core) family 23 model 96 stepping 1 microcode 0x0, cx8, cmov, fxsr, ht, mmx, 3dnowpref, sse, sse2, sse3, ssse3, sse4a, sse4.1, sse4.2, popcnt, lzcnt, tsc, tscinvbit, avx, avx2, aes, clmul, bmi1, bmi2, adx, sha, fma, vzeroupper, clflush, clflushopt, hv

Memory: 4k page, system-wide physical 7541M (206M free)
TotalPageFile size 23541M (AvailPageFile size 7M)
current process WorkingSet (physical memory assigned to process): 118M, peak: 118M
current process commit charge ("private bytes"): 241M, peak: 241M

vm_info: OpenJDK 64-Bit Server VM (17.0.7+10-b829.16) for windows-amd64 JRE (17.0.7+10-b829.16), built on 2023-06-02 by "builduser" with MS VC++ 16.10 / 16.11 (VS2019)

END.
